<?xml version="1.0" encoding="UTF-8"?>
<!-- Generated by org.testng.reporters.JUnitReportReporter -->
<testsuite hostname="DESKTOP-34S6GKH" failures="0" tests="1" name="test_cases.Refresh" time="35.194" errors="0" timestamp="2022-07-10T02:45:59 BDT" skipped="0">
  <testcase classname="test_cases.Refresh" name="refreshPage" time="35.194"/>
  <system-out/>
</testsuite> <!-- test_cases.Refresh -->
