<?xml version="1.0" encoding="UTF-8"?>
<!-- Generated by org.testng.reporters.JUnitReportReporter -->
<testsuite hostname="DESKTOP-34S6GKH" failures="0" tests="1" name="test_cases.Keyboard_Event" time="24.991" errors="0" timestamp="2022-06-25T13:50:25 BDT" skipped="0">
  <testcase classname="test_cases.Keyboard_Event" name="KeyboardEventCheck" time="24.991"/>
  <system-out/>
</testsuite> <!-- test_cases.Keyboard_Event -->
