<?xml version="1.0" encoding="UTF-8"?>
<!-- Generated by org.testng.reporters.JUnitReportReporter -->
<testsuite hostname="DESKTOP-34S6GKH" failures="0" tests="2" name="test_cases.Drop_Down" time="10.357" errors="0" timestamp="2022-06-25T13:28:03 BDT" skipped="1">
  <testcase classname="test_cases.Drop_Down" name="selectingMultipleValueFromDropdown" time="10.357"/>
  <system-out/>
  <testcase classname="test_cases.Drop_Down" name="selectingValueFromDropdown">
    <skipped/>
  </testcase> <!-- selectingValueFromDropdown -->
  <system-out/>
</testsuite> <!-- test_cases.Drop_Down -->
