<?xml version="1.0" encoding="UTF-8"?>
<!-- Generated by org.testng.reporters.JUnitReportReporter -->
<testsuite hostname="DESKTOP-34S6GKH" failures="0" tests="1" name="test_cases.Scroll" time="18.854" errors="0" timestamp="2022-06-25T13:35:48 BDT" skipped="0">
  <testcase classname="test_cases.Scroll" name="scrollCheck" time="18.854"/>
  <system-out/>
</testsuite> <!-- test_cases.Scroll -->
