<?xml version="1.0" encoding="UTF-8"?>
<!-- Generated by org.testng.reporters.JUnitReportReporter -->
<testsuite hostname="DESKTOP-34S6GKH" failures="0" tests="1" name="test_cases.Keyboard_Event" time="18.581" errors="0" timestamp="2022-07-10T02:45:59 BDT" skipped="0">
  <testcase classname="test_cases.Keyboard_Event" name="KeyboardEventCheck" time="18.581"/>
  <system-out/>
</testsuite> <!-- test_cases.Keyboard_Event -->
