<?xml version="1.0" encoding="UTF-8"?>
<!-- Generated by org.testng.reporters.JUnitReportReporter -->
<testsuite hostname="DESKTOP-34S6GKH" failures="0" tests="2" name="test_cases.VerifyPage_Title" time="18.322" errors="0" timestamp="2022-07-10T02:45:59 BDT" skipped="0">
  <testcase classname="test_cases.VerifyPage_Title" name="VerifyPageTitle_shouldPass" time="18.313"/>
  <system-out/>
  <testcase classname="test_cases.VerifyPage_Title" name="isWebSiteSecured" time="0.009"/>
  <system-out/>
</testsuite> <!-- test_cases.VerifyPage_Title -->
