<?xml version="1.0" encoding="UTF-8"?>
<!-- Generated by org.testng.reporters.JUnitReportReporter -->
<testsuite hostname="DESKTOP-34S6GKH" failures="0" tests="1" name="test_cases.Slider" time="22.565" errors="0" timestamp="2022-06-25T13:43:41 BDT" skipped="0">
  <testcase classname="test_cases.Slider" name="sliderCheck" time="22.565"/>
  <system-out/>
</testsuite> <!-- test_cases.Slider -->
