<?xml version="1.0" encoding="UTF-8"?>
<!-- Generated by org.testng.reporters.JUnitReportReporter -->
<testsuite hostname="DESKTOP-34S6GKH" failures="0" tests="1" name="test_cases.Checkbox_RadioButton_Advance" time="8.396" errors="0" timestamp="2022-06-25T17:58:19 BDT" skipped="0">
  <testcase classname="test_cases.Checkbox_RadioButton_Advance" name="checkBoxAndRadioButtonInIFrame" time="8.396"/>
  <system-out/>
</testsuite> <!-- test_cases.Checkbox_RadioButton_Advance -->
